<?xml version="1.0" encoding="UTF-8"?>
<!-- Generated by org.testng.reporters.JUnitReportReporter -->
<testsuite hostname="DESKTOP-LE40DIL" failures="0" tests="3" name="tests.BoundaryTests" time="1.485" errors="0" timestamp="2025-10-22T22:08:32 WIB" skipped="0">
  <testcase classname="tests.BoundaryTests" name="testGetUserWithMaxIntId" time="0.484"/>
  <testcase classname="tests.BoundaryTests" name="testGetUserWithIdZero" time="0.485"/>
  <testcase classname="tests.BoundaryTests" name="testGetUserWithNegativeId" time="0.516"/>
</testsuite> <!-- tests.BoundaryTests -->
