<?xml version="1.0" encoding="UTF-8"?>
<!-- Generated by org.testng.reporters.JUnitReportReporter -->
<testsuite hostname="DESKTOP-LE40DIL" failures="0" tests="2" name="tests.NegativeTests" time="0.905" errors="0" timestamp="2025-10-22T22:08:32 WIB" skipped="0">
  <testcase classname="tests.NegativeTests" name="testCreateUserWithEmptyBody" time="0.422"/>
  <testcase classname="tests.NegativeTests" name="testGetNonExistingUser" time="0.483"/>
</testsuite> <!-- tests.NegativeTests -->
